<?xml version="1.0" encoding="UTF-8"?>
<!-- Generated by org.testng.reporters.JUnitXMLReporter -->
<testsuite hostname="Lab1-LucasG" name="firstTest on second mobile " tests="1" failures="0" timestamp="27 Apr 2015 18:46:57 GMT" time="107.39" errors="0">
  <testcase name="@AfterMethod destroy" time="0.0" classname="com.sec.samsungfuteboltest.glue.Calculator">
    <failure type="org.openqa.selenium.WebDriverException" message="Session [a414e7a2-dd11-4a83-91ea-be98fdf7b3fa] was terminated due to TIMEOUT
Command duration or timeout: 11 milliseconds
Build info: version: &amp;apos;2.44.0&amp;apos;, revision: &amp;apos;76d78cf&amp;apos;, time: &amp;apos;2014-10-23 20:03:00&amp;apos;
System info: host: &amp;apos;Lab1-LucasG&amp;apos;, ip: &amp;apos;10.4.0.32&amp;apos;, os.name: &amp;apos;Windows 7&amp;apos;, os.arch: &amp;apos;amd64&amp;apos;, os.version: &amp;apos;6.1&amp;apos;, java.version: &amp;apos;1.7.0_51&amp;apos;
Session ID: a414e7a2-dd11-4a83-91ea-be98fdf7b3fa
Driver info: io.appium.java_client.android.AndroidDriver
Capabilities [{platform=LINUX, javascriptEnabled=true, appActivity=.view.activity.MainActivity, browserName=Android, networkConnectionEnabled=true, udid=4300d563be11a00d, desired={platformName=Android, deviceName=4300d563be11a00d, appActivity=.view.activity.MainActivity, udid=4300d563be11a00d, appPackage=com.sec.samsungfutebol}, locationContextEnabled=false, appPackage=com.sec.samsungfutebol, platformVersion=4.1, databaseEnabled=false, deviceName=4300d563be11a00d, platformName=Android, webStorageEnabled=false, warnings={}, takesScreenshot=true}]">
      <![CDATA[org.openqa.selenium.WebDriverException: Session [a414e7a2-dd11-4a83-91ea-be98fdf7b3fa] was terminated due to TIMEOUT
Command duration or timeout: 11 milliseconds
Build info: version: '2.44.0', revision: '76d78cf', time: '2014-10-23 20:03:00'
System info: host: 'Lab1-LucasG', ip: '10.4.0.32', os.name: 'Windows 7', os.arch: 'amd64', os.version: '6.1', java.version: '1.7.0_51'
Session ID: a414e7a2-dd11-4a83-91ea-be98fdf7b3fa
Driver info: io.appium.java_client.android.AndroidDriver
Capabilities [{platform=LINUX, javascriptEnabled=true, appActivity=.view.activity.MainActivity, browserName=Android, networkConnectionEnabled=true, udid=4300d563be11a00d, desired={platformName=Android, deviceName=4300d563be11a00d, appActivity=.view.activity.MainActivity, udid=4300d563be11a00d, appPackage=com.sec.samsungfutebol}, locationContextEnabled=false, appPackage=com.sec.samsungfutebol, platformVersion=4.1, databaseEnabled=false, deviceName=4300d563be11a00d, platformName=Android, webStorageEnabled=false, warnings={}, takesScreenshot=true}]
	at org.openqa.selenium.remote.ErrorHandler.createThrowable(ErrorHandler.java:204)
	at org.openqa.selenium.remote.ErrorHandler.throwIfResponseFailed(ErrorHandler.java:156)
	at org.openqa.selenium.remote.RemoteWebDriver.execute(RemoteWebDriver.java:599)
	at io.appium.java_client.AppiumDriver.execute(AppiumDriver.java:180)
	at io.appium.java_client.AppiumDriver.execute(AppiumDriver.java:185)
	at org.openqa.selenium.remote.RemoteWebDriver.quit(RemoteWebDriver.java:468)
	at com.sec.samsungfuteboltest.glue.Calculator.destroy(Calculator.java:63)
	at java.util.concurrent.FutureTask.run(FutureTask.java:262)
	at java.util.concurrent.ThreadPoolExecutor.runWorker(ThreadPoolExecutor.java:1145)
	at java.util.concurrent.ThreadPoolExecutor$Worker.run(ThreadPoolExecutor.java:615)
	at java.lang.Thread.run(Thread.java:744)
Caused by: org.openqa.grid.common.exception.GridException: Session [a414e7a2-dd11-4a83-91ea-be98fdf7b3fa] was terminated due to TIMEOUT
	at org.openqa.grid.internal.ActiveTestSessions.getExistingSession(ActiveTestSessions.java:105)
	at org.openqa.grid.internal.Registry.getExistingSession(Registry.java:423)
	at org.openqa.grid.web.servlet.handler.RequestHandler.getSession(RequestHandler.java:238)
	at org.openqa.grid.web.servlet.handler.RequestHandler.process(RequestHandler.java:119)
	at org.openqa.grid.web.servlet.DriverServlet.process(DriverServlet.java:83)
	at org.openqa.grid.web.servlet.DriverServlet.doDelete(DriverServlet.java:73)
	at javax.servlet.http.HttpServlet.service(HttpServlet.java:733)
	at javax.servlet.http.HttpServlet.service(HttpServlet.java:820)
	at org.seleniumhq.jetty7.servlet.ServletHolder.handle(ServletHolder.java:565)
	at org.seleniumhq.jetty7.servlet.ServletHandler.doHandle(ServletHandler.java:479)
	at org.seleniumhq.jetty7.server.session.SessionHandler.doHandle(SessionHandler.java:225)
	at org.seleniumhq.jetty7.server.handler.ContextHandler.doHandle(ContextHandler.java:1031)
	at org.seleniumhq.jetty7.servlet.ServletHandler.doScope(ServletHandler.java:406)
	at org.seleniumhq.jetty7.server.session.SessionHandler.doScope(SessionHandler.java:186)
	at org.seleniumhq.jetty7.server.handler.ContextHandler.doScope(ContextHandler.java:965)
	at org.seleniumhq.jetty7.server.handler.ScopedHandler.handle(ScopedHandler.java:117)
	at org.seleniumhq.jetty7.server.handler.HandlerWrapper.handle(HandlerWrapper.java:111)
	at org.seleniumhq.jetty7.server.Server.handle(Server.java:349)
	at org.seleniumhq.jetty7.server.AbstractHttpConnection.handleRequest(AbstractHttpConnection.java:452)
	at org.seleniumhq.jetty7.server.BlockingHttpConnection.handleRequest(BlockingHttpConnection.java:47)
	at org.seleniumhq.jetty7.server.AbstractHttpConnection.headerComplete(AbstractHttpConnection.java:884)
	at org.seleniumhq.jetty7.server.AbstractHttpConnection$RequestHandler.headerComplete(AbstractHttpConnection.java:938)
	at org.seleniumhq.jetty7.http.HttpParser.parseNext(HttpParser.java:634)
	at org.seleniumhq.jetty7.http.HttpParser.parseAvailable(HttpParser.java:230)
	at org.seleniumhq.jetty7.server.BlockingHttpConnection.handle(BlockingHttpConnection.java:66)
	at org.seleniumhq.jetty7.server.bio.SocketConnector$ConnectorEndPoint.run(SocketConnector.java:254)
	at org.seleniumhq.jetty7.util.thread.QueuedThreadPool.runJob(QueuedThreadPool.java:599)
	at org.seleniumhq.jetty7.util.thread.QueuedThreadPool$3.run(QueuedThreadPool.java:534)
	at java.lang.Thread.run(Unknown Source)
... Removed 22 stack frames]]>
    </failure>
  </testcase> <!-- @AfterMethod destroy -->
  <testcase name="verifyCalculator" time="99.998" classname="com.sec.samsungfuteboltest.glue.Calculator"/>
</testsuite> <!-- firstTest on second mobile  -->
